Using pre-set license
Built from '2020.3/staging' branch; Version is '2020.3.8f1 (507919d4fff5) revision 5273881'; Using compiler version '192528614'; Build Type 'Release'
OS: 'Windows 10 Pro for Workstations; OS build 19042.1466; Version 2009; 64bit' Language: 'en' Physical Memory: 16308 MB
BatchMode: 1, IsHumanControllingUs: 0, StartBugReporterOnCrash: 0, Is64bit: 1, IsPro: 0

 COMMAND LINE ARGUMENTS:
C:\Program Files\Unity\Hub\Editor\2020.3.8f1\Editor\Unity.exe
-adb2
-batchMode
-noUpm
-name
AssetImportWorker0
-projectPath
D:/UnityProjects/RomansUnityProjects/Tower/TowerDefence
-logFile
Logs/AssetImportWorker0.log
-srvPort
53567
Successfully changed project path to: D:/UnityProjects/RomansUnityProjects/Tower/TowerDefence
D:/UnityProjects/RomansUnityProjects/Tower/TowerDefence
Using Asset Import Pipeline V2.
Refreshing native plugins compatible for Editor in 51.33 ms, found 1 plugins.
Preloading 0 native plugins for Editor in 0.00 ms.
Initialize engine version: 2020.3.8f1 (507919d4fff5)
[Subsystems] Discovering subsystems at path C:/Program Files/Unity/Hub/Editor/2020.3.8f1/Editor/Data/Resources/UnitySubsystems
[Subsystems] Discovering subsystems at path D:/UnityProjects/RomansUnityProjects/Tower/TowerDefence/Assets
GfxDevice: creating device client; threaded=0
Direct3D:
    Version:  Direct3D 11.0 [level 11.0]
    Renderer: NVIDIA GeForce GTX TITAN (ID=0x1005)
    Vendor:   
    VRAM:     6096 MB
    Driver:   27.21.14.5671
Initialize mono
Mono path[0] = 'C:/Program Files/Unity/Hub/Editor/2020.3.8f1/Editor/Data/Managed'
Mono path[1] = 'C:/Program Files/Unity/Hub/Editor/2020.3.8f1/Editor/Data/MonoBleedingEdge/lib/mono/unityjit'
Mono config path = 'C:/Program Files/Unity/Hub/Editor/2020.3.8f1/Editor/Data/MonoBleedingEdge/etc'
Using monoOptions --debugger-agent=transport=dt_socket,embedding=1,server=y,suspend=n,address=127.0.0.1:56176
Begin MonoManager ReloadAssembly
Registering precompiled unity dll's ...
Register platform support module: C:/Program Files/Unity/Hub/Editor/2020.3.8f1/Editor/Data/PlaybackEngines/WindowsStandaloneSupport/UnityEditor.WindowsStandalone.Extensions.dll
Registered in 0.003609 seconds.
Native extension for WindowsStandalone target not found
Refreshing native plugins compatible for Editor in 54.01 ms, found 1 plugins.
Preloading 0 native plugins for Editor in 0.00 ms.
Mono: successfully reloaded assembly
- Completed reload, in  3.305 seconds
Platform modules already initialized, skipping
Registering precompiled user dll's ...
Registered in 0.001948 seconds.
Begin MonoManager ReloadAssembly
Native extension for WindowsStandalone target not found
Refreshing native plugins compatible for Editor in 52.07 ms, found 1 plugins.
Preloading 0 native plugins for Editor in 0.00 ms.
Mono: successfully reloaded assembly
- Completed reload, in  1.474 seconds
Platform modules already initialized, skipping
========================================================================
Worker process is ready to serve import requests
Launched and connected shader compiler UnityShaderCompiler.exe after 0.06 seconds
Refreshing native plugins compatible for Editor in 0.52 ms, found 1 plugins.
Preloading 0 native plugins for Editor in 0.00 ms.
Unloading 1857 Unused Serialized files (Serialized files now loaded: 0)
System memory in use before: 87.4 MB.
System memory in use after: 87.3 MB.

Unloading 26 unused Assets to reduce memory usage. Loaded Objects now: 2303.
Total: 2.975500 ms (FindLiveObjects: 0.224600 ms CreateObjectMapping: 0.095700 ms MarkObjects: 2.492000 ms  DeleteObjects: 0.162100 ms)

========================================================================
Received Import Request.
  path: Assets/Scripts/ScriptableObject/RouteData
  artifactKey: Guid(c16cc1260890b4c488a608d6dadc0f8f) Importer(815301076,1909f56bfc062723c751e8b465ee728b)
Start importing Assets/Scripts/ScriptableObject/RouteData using Guid(c16cc1260890b4c488a608d6dadc0f8f) Importer(815301076,1909f56bfc062723c751e8b465ee728b)  -> (artifact id: 'e6fccf0badd270441714a0ae49b64fde') in 0.006606 seconds
  Import took 0.010296 seconds .

========================================================================
Received Prepare
Registering precompiled user dll's ...
Registered in 0.001746 seconds.
Begin MonoManager ReloadAssembly
Native extension for WindowsStandalone target not found
Refreshing native plugins compatible for Editor in 0.55 ms, found 1 plugins.
Preloading 0 native plugins for Editor in 0.00 ms.
Mono: successfully reloaded assembly
- Completed reload, in  1.328 seconds
Platform modules already initialized, skipping
Refreshing native plugins compatible for Editor in 0.53 ms, found 1 plugins.
Preloading 0 native plugins for Editor in 0.00 ms.
Unloading 1850 Unused Serialized files (Serialized files now loaded: 0)
System memory in use before: 87.1 MB.
System memory in use after: 87.1 MB.

Unloading 14 unused Assets to reduce memory usage. Loaded Objects now: 2307.
Total: 2.715200 ms (FindLiveObjects: 0.210600 ms CreateObjectMapping: 0.092100 ms MarkObjects: 2.279600 ms  DeleteObjects: 0.131300 ms)

========================================================================
Received Prepare
Registering precompiled user dll's ...
Registered in 0.002300 seconds.
Begin MonoManager ReloadAssembly
Native extension for WindowsStandalone target not found
Refreshing native plugins compatible for Editor in 0.58 ms, found 1 plugins.
Preloading 0 native plugins for Editor in 0.00 ms.
Mono: successfully reloaded assembly
- Completed reload, in  1.292 seconds
Platform modules already initialized, skipping
Refreshing native plugins compatible for Editor in 0.53 ms, found 1 plugins.
Preloading 0 native plugins for Editor in 0.00 ms.
Unloading 1850 Unused Serialized files (Serialized files now loaded: 0)
System memory in use before: 87.1 MB.
System memory in use after: 87.1 MB.

Unloading 14 unused Assets to reduce memory usage. Loaded Objects now: 2311.
Total: 2.455300 ms (FindLiveObjects: 0.215200 ms CreateObjectMapping: 0.092600 ms MarkObjects: 2.012300 ms  DeleteObjects: 0.134000 ms)

========================================================================
Received Import Request.
  Time since last request: 611.065627 seconds.
  path: Assets/Scripts/RouteData
  artifactKey: Guid(8995e32ce38eea742a2383043bcc7e12) Importer(815301076,1909f56bfc062723c751e8b465ee728b)
Start importing Assets/Scripts/RouteData using Guid(8995e32ce38eea742a2383043bcc7e12) Importer(815301076,1909f56bfc062723c751e8b465ee728b)  -> (artifact id: '46d738cc431138dc28a6af6faeae4855') in 0.023026 seconds
  Import took 0.038751 seconds .

========================================================================
Received Import Request.
  Time since last request: 8.950979 seconds.
  path: Assets/Scripts/ScriptableObject/RouteData.cs
  artifactKey: Guid(7170227a77c4c174f9f6e829b695c2ef) Importer(815301076,1909f56bfc062723c751e8b465ee728b)
Start importing Assets/Scripts/ScriptableObject/RouteData.cs using Guid(7170227a77c4c174f9f6e829b695c2ef) Importer(815301076,1909f56bfc062723c751e8b465ee728b)  -> (artifact id: '64c09833362803458d97dae43a6613f3') in 0.048126 seconds
  Import took 0.052330 seconds .

========================================================================
Received Prepare
Registering precompiled user dll's ...
Registered in 0.001767 seconds.
Begin MonoManager ReloadAssembly
Native extension for WindowsStandalone target not found
Refreshing native plugins compatible for Editor in 0.52 ms, found 1 plugins.
Preloading 0 native plugins for Editor in 0.00 ms.
Mono: successfully reloaded assembly
- Completed reload, in  1.246 seconds
Platform modules already initialized, skipping
Refreshing native plugins compatible for Editor in 0.59 ms, found 1 plugins.
Preloading 0 native plugins for Editor in 0.00 ms.
Unloading 1850 Unused Serialized files (Serialized files now loaded: 0)
System memory in use before: 87.2 MB.
System memory in use after: 87.2 MB.

Unloading 14 unused Assets to reduce memory usage. Loaded Objects now: 2315.
Total: 2.497600 ms (FindLiveObjects: 0.219400 ms CreateObjectMapping: 0.093100 ms MarkObjects: 2.047900 ms  DeleteObjects: 0.135500 ms)

========================================================================
Received Prepare
Registering precompiled user dll's ...
Registered in 0.001841 seconds.
Begin MonoManager ReloadAssembly
Native extension for WindowsStandalone target not found
Refreshing native plugins compatible for Editor in 0.52 ms, found 1 plugins.
Preloading 0 native plugins for Editor in 0.00 ms.
Mono: successfully reloaded assembly
- Completed reload, in  1.284 seconds
Platform modules already initialized, skipping
Refreshing native plugins compatible for Editor in 0.55 ms, found 1 plugins.
Preloading 0 native plugins for Editor in 0.00 ms.
Unloading 1850 Unused Serialized files (Serialized files now loaded: 0)
System memory in use before: 87.2 MB.
System memory in use after: 87.1 MB.

Unloading 14 unused Assets to reduce memory usage. Loaded Objects now: 2319.
Total: 2.610200 ms (FindLiveObjects: 0.332100 ms CreateObjectMapping: 0.118300 ms MarkObjects: 2.014500 ms  DeleteObjects: 0.144100 ms)

========================================================================
Received Import Request.
  Time since last request: 103.913820 seconds.
  path: Assets/Scripts/ScriptableObject/RouteData/new.asset
  artifactKey: Guid(5f9e6b74a867d534ca6b67227a5cf28e) Importer(815301076,1909f56bfc062723c751e8b465ee728b)
Start importing Assets/Scripts/ScriptableObject/RouteData/new.asset using Guid(5f9e6b74a867d534ca6b67227a5cf28e) Importer(815301076,1909f56bfc062723c751e8b465ee728b)  -> (artifact id: '61e5c7af20f54c0c3aee1164aca81af3') in 0.026651 seconds
  Import took 0.031210 seconds .

========================================================================
Received Prepare
Registering precompiled user dll's ...
Registered in 0.001879 seconds.
Begin MonoManager ReloadAssembly
Native extension for WindowsStandalone target not found
Refreshing native plugins compatible for Editor in 0.57 ms, found 1 plugins.
Preloading 0 native plugins for Editor in 0.00 ms.
Mono: successfully reloaded assembly
- Completed reload, in  1.309 seconds
Platform modules already initialized, skipping
Refreshing native plugins compatible for Editor in 0.54 ms, found 1 plugins.
Preloading 0 native plugins for Editor in 0.00 ms.
Unloading 1850 Unused Serialized files (Serialized files now loaded: 0)
System memory in use before: 87.2 MB.
System memory in use after: 87.2 MB.

Unloading 14 unused Assets to reduce memory usage. Loaded Objects now: 2323.
Total: 2.570200 ms (FindLiveObjects: 0.209700 ms CreateObjectMapping: 0.092700 ms MarkObjects: 2.122900 ms  DeleteObjects: 0.143700 ms)

========================================================================
Received Prepare
Registering precompiled user dll's ...
Registered in 0.002150 seconds.
Begin MonoManager ReloadAssembly
Native extension for WindowsStandalone target not found
Refreshing native plugins compatible for Editor in 0.51 ms, found 1 plugins.
Preloading 0 native plugins for Editor in 0.00 ms.
Mono: successfully reloaded assembly
- Completed reload, in  1.229 seconds
Platform modules already initialized, skipping
Refreshing native plugins compatible for Editor in 0.52 ms, found 1 plugins.
Preloading 0 native plugins for Editor in 0.00 ms.
Unloading 1850 Unused Serialized files (Serialized files now loaded: 0)
System memory in use before: 87.2 MB.
System memory in use after: 87.2 MB.

Unloading 14 unused Assets to reduce memory usage. Loaded Objects now: 2327.
Total: 2.454000 ms (FindLiveObjects: 0.200800 ms CreateObjectMapping: 0.093700 ms MarkObjects: 2.019700 ms  DeleteObjects: 0.138700 ms)

========================================================================
Received Import Request.
  Time since last request: 86.160654 seconds.
  path: Assets/Scripts/ScriptableObject/RouteData/new.asset
  artifactKey: Guid(5f9e6b74a867d534ca6b67227a5cf28e) Importer(815301076,1909f56bfc062723c751e8b465ee728b)
Start importing Assets/Scripts/ScriptableObject/RouteData/new.asset using Guid(5f9e6b74a867d534ca6b67227a5cf28e) Importer(815301076,1909f56bfc062723c751e8b465ee728b)  -> (artifact id: '3265507a61a316caa0a71c15439958e5') in 0.025592 seconds
  Import took 0.029999 seconds .

========================================================================
Received Import Request.
  Time since last request: 0.002978 seconds.
  path: Assets/Scripts/ScriptableObject/RouteData/new.asset
  artifactKey: Guid(5f9e6b74a867d534ca6b67227a5cf28e) Importer(815301076,1909f56bfc062723c751e8b465ee728b)
Start importing Assets/Scripts/ScriptableObject/RouteData/new.asset using Guid(5f9e6b74a867d534ca6b67227a5cf28e) Importer(815301076,1909f56bfc062723c751e8b465ee728b)  -> (artifact id: '3265507a61a316caa0a71c15439958e5') in 0.003776 seconds
  Import took 0.008363 seconds .

========================================================================
Received Import Request.
  Time since last request: 65.911332 seconds.
  path: Assets/Scripts/ScriptableObject/RouteData/new.asset
  artifactKey: Guid(5f9e6b74a867d534ca6b67227a5cf28e) Importer(815301076,1909f56bfc062723c751e8b465ee728b)
Start importing Assets/Scripts/ScriptableObject/RouteData/new.asset using Guid(5f9e6b74a867d534ca6b67227a5cf28e) Importer(815301076,1909f56bfc062723c751e8b465ee728b)  -> (artifact id: '88d9fb634731af9dfc28aee1b5832e41') in 0.012277 seconds
  Import took 0.016983 seconds .

========================================================================
Received Prepare
Registering precompiled user dll's ...
Registered in 0.010922 seconds.
Begin MonoManager ReloadAssembly
Native extension for WindowsStandalone target not found
Refreshing native plugins compatible for Editor in 0.56 ms, found 1 plugins.
Preloading 0 native plugins for Editor in 0.00 ms.
Mono: successfully reloaded assembly
- Completed reload, in  1.417 seconds
Platform modules already initialized, skipping
Refreshing native plugins compatible for Editor in 0.55 ms, found 1 plugins.
Preloading 0 native plugins for Editor in 0.00 ms.
Unloading 1850 Unused Serialized files (Serialized files now loaded: 0)
System memory in use before: 87.2 MB.
System memory in use after: 87.2 MB.

Unloading 14 unused Assets to reduce memory usage. Loaded Objects now: 2331.
Total: 2.779100 ms (FindLiveObjects: 0.222500 ms CreateObjectMapping: 0.093800 ms MarkObjects: 2.139500 ms  DeleteObjects: 0.321900 ms)

========================================================================
Received Import Request.
  Time since last request: 5799.981561 seconds.
  path: Assets/Scripts/ScriptableObject/RouteData/new.asset
  artifactKey: Guid(5f9e6b74a867d534ca6b67227a5cf28e) Importer(815301076,1909f56bfc062723c751e8b465ee728b)
Start importing Assets/Scripts/ScriptableObject/RouteData/new.asset using Guid(5f9e6b74a867d534ca6b67227a5cf28e) Importer(815301076,1909f56bfc062723c751e8b465ee728b)  -> (artifact id: '5bfaf790cfd837691152a6627073d18d') in 0.028421 seconds
  Import took 0.033002 seconds .

========================================================================
Received Import Request.
  Time since last request: 0.001175 seconds.
  path: Assets/Scripts/ScriptableObject/RouteData/new.asset
  artifactKey: Guid(5f9e6b74a867d534ca6b67227a5cf28e) Importer(815301076,1909f56bfc062723c751e8b465ee728b)
Start importing Assets/Scripts/ScriptableObject/RouteData/new.asset using Guid(5f9e6b74a867d534ca6b67227a5cf28e) Importer(815301076,1909f56bfc062723c751e8b465ee728b)  -> (artifact id: '5bfaf790cfd837691152a6627073d18d') in 0.004008 seconds
  Import took 0.008095 seconds .

========================================================================
Received Prepare
Registering precompiled user dll's ...
Registered in 0.001847 seconds.
Begin MonoManager ReloadAssembly
Native extension for WindowsStandalone target not found
Refreshing native plugins compatible for Editor in 0.53 ms, found 1 plugins.
Preloading 0 native plugins for Editor in 0.00 ms.
Mono: successfully reloaded assembly
- Completed reload, in  1.218 seconds
Platform modules already initialized, skipping
Refreshing native plugins compatible for Editor in 0.52 ms, found 1 plugins.
Preloading 0 native plugins for Editor in 0.00 ms.
Unloading 1850 Unused Serialized files (Serialized files now loaded: 0)
System memory in use before: 87.2 MB.
System memory in use after: 87.2 MB.

Unloading 14 unused Assets to reduce memory usage. Loaded Objects now: 2335.
Total: 2.563300 ms (FindLiveObjects: 0.218700 ms CreateObjectMapping: 0.093300 ms MarkObjects: 2.102200 ms  DeleteObjects: 0.147800 ms)

========================================================================
Received Prepare
Registering precompiled user dll's ...
Registered in 0.001782 seconds.
Begin MonoManager ReloadAssembly
Native extension for WindowsStandalone target not found
Refreshing native plugins compatible for Editor in 0.53 ms, found 1 plugins.
Preloading 0 native plugins for Editor in 0.00 ms.
Mono: successfully reloaded assembly
- Completed reload, in  1.273 seconds
Platform modules already initialized, skipping
Refreshing native plugins compatible for Editor in 0.53 ms, found 1 plugins.
Preloading 0 native plugins for Editor in 0.00 ms.
Unloading 1850 Unused Serialized files (Serialized files now loaded: 0)
System memory in use before: 87.2 MB.
System memory in use after: 87.2 MB.

Unloading 14 unused Assets to reduce memory usage. Loaded Objects now: 2339.
Total: 3.121900 ms (FindLiveObjects: 0.208800 ms CreateObjectMapping: 0.094700 ms MarkObjects: 2.667700 ms  DeleteObjects: 0.149400 ms)

========================================================================
Received Import Request.
  Time since last request: 83.924401 seconds.
  path: Assets/Scripts/ScriptableObject/RouteData/new.asset
  artifactKey: Guid(5f9e6b74a867d534ca6b67227a5cf28e) Importer(815301076,1909f56bfc062723c751e8b465ee728b)
Start importing Assets/Scripts/ScriptableObject/RouteData/new.asset using Guid(5f9e6b74a867d534ca6b67227a5cf28e) Importer(815301076,1909f56bfc062723c751e8b465ee728b)  -> (artifact id: '1b9ecca54840a81d19182c2082fd695f') in 0.018430 seconds
  Import took 0.031658 seconds .

========================================================================
Received Import Request.
  Time since last request: 0.015772 seconds.
  path: Assets/Scripts/ScriptableObject/RouteData/new.asset
  artifactKey: Guid(5f9e6b74a867d534ca6b67227a5cf28e) Importer(815301076,1909f56bfc062723c751e8b465ee728b)
Start importing Assets/Scripts/ScriptableObject/RouteData/new.asset using Guid(5f9e6b74a867d534ca6b67227a5cf28e) Importer(815301076,1909f56bfc062723c751e8b465ee728b)  -> (artifact id: '1b9ecca54840a81d19182c2082fd695f') in 0.003059 seconds
  Import took 0.006942 seconds .

========================================================================
Received Prepare
Registering precompiled user dll's ...
Registered in 0.001906 seconds.
Begin MonoManager ReloadAssembly
Native extension for WindowsStandalone target not found
Refreshing native plugins compatible for Editor in 0.64 ms, found 1 plugins.
Preloading 0 native plugins for Editor in 0.00 ms.
Mono: successfully reloaded assembly
- Completed reload, in  1.280 seconds
Platform modules already initialized, skipping
Refreshing native plugins compatible for Editor in 0.51 ms, found 1 plugins.
Preloading 0 native plugins for Editor in 0.00 ms.
Unloading 1850 Unused Serialized files (Serialized files now loaded: 0)
System memory in use before: 87.2 MB.
System memory in use after: 87.2 MB.

Unloading 14 unused Assets to reduce memory usage. Loaded Objects now: 2343.
Total: 2.446600 ms (FindLiveObjects: 0.202800 ms CreateObjectMapping: 0.091400 ms MarkObjects: 2.009700 ms  DeleteObjects: 0.141700 ms)

========================================================================
Received Prepare
Registering precompiled user dll's ...
Registered in 0.001699 seconds.
Begin MonoManager ReloadAssembly
Native extension for WindowsStandalone target not found
Refreshing native plugins compatible for Editor in 0.54 ms, found 1 plugins.
Preloading 0 native plugins for Editor in 0.00 ms.
Mono: successfully reloaded assembly
- Completed reload, in  1.292 seconds
Platform modules already initialized, skipping
Refreshing native plugins compatible for Editor in 0.54 ms, found 1 plugins.
Preloading 0 native plugins for Editor in 0.00 ms.
Unloading 1850 Unused Serialized files (Serialized files now loaded: 0)
System memory in use before: 87.2 MB.
System memory in use after: 87.2 MB.

Unloading 14 unused Assets to reduce memory usage. Loaded Objects now: 2347.
Total: 2.660100 ms (FindLiveObjects: 0.216800 ms CreateObjectMapping: 0.093000 ms MarkObjects: 2.193600 ms  DeleteObjects: 0.155500 ms)

========================================================================
Received Import Request.
  Time since last request: 170.893268 seconds.
  path: Assets/Scripts/ScriptableObject/RouteData/new.asset
  artifactKey: Guid(5f9e6b74a867d534ca6b67227a5cf28e) Importer(815301076,1909f56bfc062723c751e8b465ee728b)
Start importing Assets/Scripts/ScriptableObject/RouteData/new.asset using Guid(5f9e6b74a867d534ca6b67227a5cf28e) Importer(815301076,1909f56bfc062723c751e8b465ee728b)  -> (artifact id: '2ec5540c79b76e6e61386c1596a7ac6c') in 0.021463 seconds
  Import took 0.025522 seconds .

========================================================================
Received Import Request.
  Time since last request: 0.021974 seconds.
  path: Assets/Scripts/ScriptableObject/RouteData/new.asset
  artifactKey: Guid(5f9e6b74a867d534ca6b67227a5cf28e) Importer(815301076,1909f56bfc062723c751e8b465ee728b)
Start importing Assets/Scripts/ScriptableObject/RouteData/new.asset using Guid(5f9e6b74a867d534ca6b67227a5cf28e) Importer(815301076,1909f56bfc062723c751e8b465ee728b)  -> (artifact id: '2ec5540c79b76e6e61386c1596a7ac6c') in 0.002943 seconds
  Import took 0.006800 seconds .

========================================================================
Received Prepare
Registering precompiled user dll's ...
Registered in 0.001832 seconds.
Begin MonoManager ReloadAssembly
Native extension for WindowsStandalone target not found
Refreshing native plugins compatible for Editor in 0.64 ms, found 1 plugins.
Preloading 0 native plugins for Editor in 0.00 ms.
Mono: successfully reloaded assembly
- Completed reload, in  1.242 seconds
Platform modules already initialized, skipping
Refreshing native plugins compatible for Editor in 0.55 ms, found 1 plugins.
Preloading 0 native plugins for Editor in 0.00 ms.
Unloading 1850 Unused Serialized files (Serialized files now loaded: 0)
System memory in use before: 87.3 MB.
System memory in use after: 87.2 MB.

Unloading 14 unused Assets to reduce memory usage. Loaded Objects now: 2351.
Total: 2.692400 ms (FindLiveObjects: 0.214200 ms CreateObjectMapping: 0.093500 ms MarkObjects: 2.242400 ms  DeleteObjects: 0.141300 ms)

========================================================================
Received Import Request.
  Time since last request: 200.293380 seconds.
  path: Assets/Scripts/ScriptableObject/RouteData/123.asset
  artifactKey: Guid(a3409b635b29882418736a0961a0f9b5) Importer(815301076,1909f56bfc062723c751e8b465ee728b)
Start importing Assets/Scripts/ScriptableObject/RouteData/123.asset using Guid(a3409b635b29882418736a0961a0f9b5) Importer(815301076,1909f56bfc062723c751e8b465ee728b)  -> (artifact id: '5631e9644efca53496a01b6d1f6617c1') in 0.022551 seconds
  Import took 0.026760 seconds .

========================================================================
Received Import Request.
  Time since last request: 0.021018 seconds.
  path: Assets/Scripts/ScriptableObject/RouteData/123.asset
  artifactKey: Guid(a3409b635b29882418736a0961a0f9b5) Importer(815301076,1909f56bfc062723c751e8b465ee728b)
Start importing Assets/Scripts/ScriptableObject/RouteData/123.asset using Guid(a3409b635b29882418736a0961a0f9b5) Importer(815301076,1909f56bfc062723c751e8b465ee728b)  -> (artifact id: '5631e9644efca53496a01b6d1f6617c1') in 0.003163 seconds
  Import took 0.007115 seconds .

========================================================================
Received Import Request.
  Time since last request: 2.168492 seconds.
  path: Assets/Scripts/ScriptableObject/RouteData/new.asset
  artifactKey: Guid(5f9e6b74a867d534ca6b67227a5cf28e) Importer(815301076,1909f56bfc062723c751e8b465ee728b)
Start importing Assets/Scripts/ScriptableObject/RouteData/new.asset using Guid(5f9e6b74a867d534ca6b67227a5cf28e) Importer(815301076,1909f56bfc062723c751e8b465ee728b)  -> (artifact id: '97b123a008038186ebeb63b5ebfc50d0') in 0.003492 seconds
  Import took 0.007801 seconds .

========================================================================
Received Prepare
Registering precompiled user dll's ...
Registered in 0.008271 seconds.
Begin MonoManager ReloadAssembly
Native extension for WindowsStandalone target not found
Refreshing native plugins compatible for Editor in 0.60 ms, found 1 plugins.
Preloading 0 native plugins for Editor in 0.00 ms.
Mono: successfully reloaded assembly
- Completed reload, in  1.483 seconds
Platform modules already initialized, skipping
Refreshing native plugins compatible for Editor in 0.54 ms, found 1 plugins.
Preloading 0 native plugins for Editor in 0.00 ms.
Unloading 1850 Unused Serialized files (Serialized files now loaded: 0)
System memory in use before: 87.3 MB.
System memory in use after: 87.2 MB.

Unloading 14 unused Assets to reduce memory usage. Loaded Objects now: 2355.
Total: 3.304400 ms (FindLiveObjects: 0.222800 ms CreateObjectMapping: 0.093300 ms MarkObjects: 2.761200 ms  DeleteObjects: 0.225800 ms)

========================================================================
Received Prepare
Registering precompiled user dll's ...
Registered in 0.002131 seconds.
Begin MonoManager ReloadAssembly
Native extension for WindowsStandalone target not found
Refreshing native plugins compatible for Editor in 0.57 ms, found 1 plugins.
Preloading 0 native plugins for Editor in 0.00 ms.
Mono: successfully reloaded assembly
- Completed reload, in  1.315 seconds
Platform modules already initialized, skipping
Refreshing native plugins compatible for Editor in 0.52 ms, found 1 plugins.
Preloading 0 native plugins for Editor in 0.00 ms.
Unloading 1850 Unused Serialized files (Serialized files now loaded: 0)
System memory in use before: 87.3 MB.
System memory in use after: 87.2 MB.

Unloading 14 unused Assets to reduce memory usage. Loaded Objects now: 2359.
Total: 2.843800 ms (FindLiveObjects: 0.213700 ms CreateObjectMapping: 0.092800 ms MarkObjects: 2.354900 ms  DeleteObjects: 0.181100 ms)

========================================================================
Received Import Request.
  Time since last request: 3778.662023 seconds.
  path: Assets/Scripts/ScriptableObject/RouteData/123.asset
  artifactKey: Guid(a3409b635b29882418736a0961a0f9b5) Importer(815301076,1909f56bfc062723c751e8b465ee728b)
Start importing Assets/Scripts/ScriptableObject/RouteData/123.asset using Guid(a3409b635b29882418736a0961a0f9b5) Importer(815301076,1909f56bfc062723c751e8b465ee728b)  -> (artifact id: '487d432c6b27588b12110ed2ebc91f14') in 0.020844 seconds
  Import took 0.026770 seconds .

========================================================================
Received Import Request.
  Time since last request: 0.020834 seconds.
  path: Assets/Scripts/ScriptableObject/RouteData/123.asset
  artifactKey: Guid(a3409b635b29882418736a0961a0f9b5) Importer(815301076,1909f56bfc062723c751e8b465ee728b)
Start importing Assets/Scripts/ScriptableObject/RouteData/123.asset using Guid(a3409b635b29882418736a0961a0f9b5) Importer(815301076,1909f56bfc062723c751e8b465ee728b)  -> (artifact id: '487d432c6b27588b12110ed2ebc91f14') in 0.003186 seconds
  Import took 0.007051 seconds .

========================================================================
Received Prepare
Registering precompiled user dll's ...
Registered in 0.001776 seconds.
Begin MonoManager ReloadAssembly
Native extension for WindowsStandalone target not found
Refreshing native plugins compatible for Editor in 0.86 ms, found 1 plugins.
Preloading 0 native plugins for Editor in 0.00 ms.
Mono: successfully reloaded assembly
- Completed reload, in  1.851 seconds
Platform modules already initialized, skipping
Refreshing native plugins compatible for Editor in 0.55 ms, found 1 plugins.
Preloading 0 native plugins for Editor in 0.00 ms.
Unloading 1850 Unused Serialized files (Serialized files now loaded: 0)
System memory in use before: 87.3 MB.
System memory in use after: 87.3 MB.

Unloading 14 unused Assets to reduce memory usage. Loaded Objects now: 2363.
Total: 2.721300 ms (FindLiveObjects: 0.230200 ms CreateObjectMapping: 0.091900 ms MarkObjects: 2.173300 ms  DeleteObjects: 0.224500 ms)

========================================================================
Received Prepare
Registering precompiled user dll's ...
Registered in 0.002436 seconds.
Begin MonoManager ReloadAssembly
Native extension for WindowsStandalone target not found
Refreshing native plugins compatible for Editor in 0.75 ms, found 1 plugins.
Preloading 0 native plugins for Editor in 0.00 ms.
Mono: successfully reloaded assembly
- Completed reload, in  1.408 seconds
Platform modules already initialized, skipping
Refreshing native plugins compatible for Editor in 0.52 ms, found 1 plugins.
Preloading 0 native plugins for Editor in 0.00 ms.
Unloading 1850 Unused Serialized files (Serialized files now loaded: 0)
System memory in use before: 87.3 MB.
System memory in use after: 87.3 MB.

Unloading 14 unused Assets to reduce memory usage. Loaded Objects now: 2367.
Total: 2.611400 ms (FindLiveObjects: 0.270100 ms CreateObjectMapping: 0.105300 ms MarkObjects: 2.095600 ms  DeleteObjects: 0.139100 ms)

========================================================================
Received Prepare
Registering precompiled user dll's ...
Registered in 0.002739 seconds.
Begin MonoManager ReloadAssembly
Native extension for WindowsStandalone target not found
Refreshing native plugins compatible for Editor in 0.55 ms, found 1 plugins.
Preloading 0 native plugins for Editor in 0.00 ms.
Mono: successfully reloaded assembly
- Completed reload, in  1.366 seconds
Platform modules already initialized, skipping
Refreshing native plugins compatible for Editor in 0.55 ms, found 1 plugins.
Preloading 0 native plugins for Editor in 0.00 ms.
Unloading 1850 Unused Serialized files (Serialized files now loaded: 0)
System memory in use before: 87.3 MB.
System memory in use after: 87.3 MB.

Unloading 14 unused Assets to reduce memory usage. Loaded Objects now: 2371.
Total: 2.644800 ms (FindLiveObjects: 0.213300 ms CreateObjectMapping: 0.092700 ms MarkObjects: 2.149900 ms  DeleteObjects: 0.187900 ms)

========================================================================
Received Prepare
Registering precompiled user dll's ...
Registered in 0.002658 seconds.
Begin MonoManager ReloadAssembly
Native extension for WindowsStandalone target not found
Refreshing native plugins compatible for Editor in 0.52 ms, found 1 plugins.
Preloading 0 native plugins for Editor in 0.00 ms.
Mono: successfully reloaded assembly
- Completed reload, in  1.400 seconds
Platform modules already initialized, skipping
Refreshing native plugins compatible for Editor in 0.53 ms, found 1 plugins.
Preloading 0 native plugins for Editor in 0.00 ms.
Unloading 1850 Unused Serialized files (Serialized files now loaded: 0)
System memory in use before: 87.3 MB.
System memory in use after: 87.3 MB.

Unloading 14 unused Assets to reduce memory usage. Loaded Objects now: 2375.
Total: 2.577800 ms (FindLiveObjects: 0.212100 ms CreateObjectMapping: 0.091600 ms MarkObjects: 2.118400 ms  DeleteObjects: 0.154300 ms)

========================================================================
Received Prepare
Registering precompiled user dll's ...
Registered in 0.002393 seconds.
Begin MonoManager ReloadAssembly
Native extension for WindowsStandalone target not found
Refreshing native plugins compatible for Editor in 0.74 ms, found 1 plugins.
Preloading 0 native plugins for Editor in 0.00 ms.
Mono: successfully reloaded assembly
- Completed reload, in  1.593 seconds
Platform modules already initialized, skipping
Refreshing native plugins compatible for Editor in 0.56 ms, found 1 plugins.
Preloading 0 native plugins for Editor in 0.00 ms.
Unloading 1850 Unused Serialized files (Serialized files now loaded: 0)
System memory in use before: 87.3 MB.
System memory in use after: 87.3 MB.

Unloading 14 unused Assets to reduce memory usage. Loaded Objects now: 2379.
Total: 2.906200 ms (FindLiveObjects: 0.220800 ms CreateObjectMapping: 0.091600 ms MarkObjects: 2.449900 ms  DeleteObjects: 0.142700 ms)

========================================================================
Received Import Request.
  Time since last request: 232.319069 seconds.
  path: Assets/Scripts/ScriptableObject/RouteData/123.asset
  artifactKey: Guid(a3409b635b29882418736a0961a0f9b5) Importer(815301076,1909f56bfc062723c751e8b465ee728b)
Start importing Assets/Scripts/ScriptableObject/RouteData/123.asset using Guid(a3409b635b29882418736a0961a0f9b5) Importer(815301076,1909f56bfc062723c751e8b465ee728b)  -> (artifact id: 'a26ab002661932a03f5d2cd834f59727') in 0.022335 seconds
  Import took 0.027285 seconds .

========================================================================
Received Import Request.
  Time since last request: 0.021038 seconds.
  path: Assets/Scripts/ScriptableObject/RouteData/123.asset
  artifactKey: Guid(a3409b635b29882418736a0961a0f9b5) Importer(815301076,1909f56bfc062723c751e8b465ee728b)
Start importing Assets/Scripts/ScriptableObject/RouteData/123.asset using Guid(a3409b635b29882418736a0961a0f9b5) Importer(815301076,1909f56bfc062723c751e8b465ee728b)  -> (artifact id: 'a26ab002661932a03f5d2cd834f59727') in 0.002940 seconds
  Import took 0.008342 seconds .

========================================================================
Received Prepare
Registering precompiled user dll's ...
Registered in 0.002822 seconds.
Begin MonoManager ReloadAssembly
Native extension for WindowsStandalone target not found
Refreshing native plugins compatible for Editor in 0.55 ms, found 1 plugins.
Preloading 0 native plugins for Editor in 0.00 ms.
Mono: successfully reloaded assembly
- Completed reload, in  1.651 seconds
Platform modules already initialized, skipping
Refreshing native plugins compatible for Editor in 0.53 ms, found 1 plugins.
Preloading 0 native plugins for Editor in 0.00 ms.
Unloading 1850 Unused Serialized files (Serialized files now loaded: 0)
System memory in use before: 87.3 MB.
System memory in use after: 87.3 MB.

Unloading 14 unused Assets to reduce memory usage. Loaded Objects now: 2383.
Total: 3.221900 ms (FindLiveObjects: 0.334500 ms CreateObjectMapping: 0.215600 ms MarkObjects: 2.464100 ms  DeleteObjects: 0.206200 ms)

========================================================================
Received Import Request.
  Time since last request: 268.446643 seconds.
  path: Assets/Scripts/ScriptableObject/RouteData/4564.asset
  artifactKey: Guid(4127ed64947a59a4db21de5b7afe64d2) Importer(815301076,1909f56bfc062723c751e8b465ee728b)
Start importing Assets/Scripts/ScriptableObject/RouteData/4564.asset using Guid(4127ed64947a59a4db21de5b7afe64d2) Importer(815301076,1909f56bfc062723c751e8b465ee728b)  -> (artifact id: '352d839b77ea4ac61d736f124c6f8fc5') in 0.022758 seconds
  Import took 0.048073 seconds .

========================================================================
Received Prepare
Registering precompiled user dll's ...
Registered in 0.001973 seconds.
Begin MonoManager ReloadAssembly
Native extension for WindowsStandalone target not found
Refreshing native plugins compatible for Editor in 0.54 ms, found 1 plugins.
Preloading 0 native plugins for Editor in 0.00 ms.
Mono: successfully reloaded assembly
- Completed reload, in  1.415 seconds
Platform modules already initialized, skipping
Refreshing native plugins compatible for Editor in 0.51 ms, found 1 plugins.
Preloading 0 native plugins for Editor in 0.00 ms.
Unloading 1850 Unused Serialized files (Serialized files now loaded: 0)
System memory in use before: 87.3 MB.
System memory in use after: 87.3 MB.

Unloading 14 unused Assets to reduce memory usage. Loaded Objects now: 2387.
Total: 3.145400 ms (FindLiveObjects: 0.256900 ms CreateObjectMapping: 0.120800 ms MarkObjects: 2.615100 ms  DeleteObjects: 0.151200 ms)

========================================================================
Received Import Request.
  Time since last request: 488.662154 seconds.
  path: Assets/Scripts/ScriptableObject/EnemyData
  artifactKey: Guid(b2717af2577a9ff498b0e4f57e19f305) Importer(815301076,1909f56bfc062723c751e8b465ee728b)
Start importing Assets/Scripts/ScriptableObject/EnemyData using Guid(b2717af2577a9ff498b0e4f57e19f305) Importer(815301076,1909f56bfc062723c751e8b465ee728b)  -> (artifact id: '2429a01803cd9ab6b75d5384969be5f6') in 0.009401 seconds
  Import took 0.014132 seconds .

========================================================================
Received Import Request.
  Time since last request: 33.235927 seconds.
  path: Assets/Scripts/ScriptableObject/RouteData/Route1.asset
  artifactKey: Guid(98557fe3b6dfb5145adcef17757b3353) Importer(815301076,1909f56bfc062723c751e8b465ee728b)
Start importing Assets/Scripts/ScriptableObject/RouteData/Route1.asset using Guid(98557fe3b6dfb5145adcef17757b3353) Importer(815301076,1909f56bfc062723c751e8b465ee728b)  -> (artifact id: 'c1f724fbc3b81ad02afbe794ec15e8f8') in 0.019428 seconds
  Import took 0.030542 seconds .

========================================================================
Received Import Request.
  Time since last request: 0.004256 seconds.
  path: Assets/Scripts/ScriptableObject/RouteData/Route1.asset
  artifactKey: Guid(98557fe3b6dfb5145adcef17757b3353) Importer(815301076,1909f56bfc062723c751e8b465ee728b)
Start importing Assets/Scripts/ScriptableObject/RouteData/Route1.asset using Guid(98557fe3b6dfb5145adcef17757b3353) Importer(815301076,1909f56bfc062723c751e8b465ee728b)  -> (artifact id: 'c1f724fbc3b81ad02afbe794ec15e8f8') in 0.004879 seconds
  Import took 0.009500 seconds .

========================================================================
Received Prepare
Registering precompiled user dll's ...
Registered in 0.001767 seconds.
Begin MonoManager ReloadAssembly
Native extension for WindowsStandalone target not found
Refreshing native plugins compatible for Editor in 0.54 ms, found 1 plugins.
Preloading 0 native plugins for Editor in 0.00 ms.
Mono: successfully reloaded assembly
- Completed reload, in  1.276 seconds
Platform modules already initialized, skipping
Refreshing native plugins compatible for Editor in 1.27 ms, found 1 plugins.
Preloading 0 native plugins for Editor in 0.00 ms.
Unloading 1850 Unused Serialized files (Serialized files now loaded: 0)
System memory in use before: 87.3 MB.
System memory in use after: 87.3 MB.

Unloading 14 unused Assets to reduce memory usage. Loaded Objects now: 2391.
Total: 2.980200 ms (FindLiveObjects: 0.231200 ms CreateObjectMapping: 0.091000 ms MarkObjects: 2.497800 ms  DeleteObjects: 0.158700 ms)

========================================================================
Received Import Request.
  Time since last request: 1613.044969 seconds.
  path: Assets/Scripts/RouteManager.cs
  artifactKey: Guid(29df02488af96b043938d80621e26cbe) Importer(815301076,1909f56bfc062723c751e8b465ee728b)
Start importing Assets/Scripts/RouteManager.cs using Guid(29df02488af96b043938d80621e26cbe) Importer(815301076,1909f56bfc062723c751e8b465ee728b)  -> (artifact id: '58ab8ef00c99095544fd7ebb7cf86de7') in 0.007109 seconds
  Import took 0.512353 seconds .

========================================================================
Received Prepare
Registering precompiled user dll's ...
Registered in 0.001829 seconds.
Begin MonoManager ReloadAssembly
Native extension for WindowsStandalone target not found
Refreshing native plugins compatible for Editor in 0.52 ms, found 1 plugins.
Preloading 0 native plugins for Editor in 0.00 ms.
Mono: successfully reloaded assembly
- Completed reload, in  1.246 seconds
Platform modules already initialized, skipping
Refreshing native plugins compatible for Editor in 0.52 ms, found 1 plugins.
Preloading 0 native plugins for Editor in 0.00 ms.
Unloading 1850 Unused Serialized files (Serialized files now loaded: 0)
System memory in use before: 87.3 MB.
System memory in use after: 87.3 MB.

Unloading 14 unused Assets to reduce memory usage. Loaded Objects now: 2395.
Total: 2.580100 ms (FindLiveObjects: 0.224300 ms CreateObjectMapping: 0.093400 ms MarkObjects: 2.056200 ms  DeleteObjects: 0.204900 ms)

========================================================================
Received Import Request.
  Time since last request: 364.950932 seconds.
  path: Assets/Scripts/RouteManager.cs
  artifactKey: Guid(29df02488af96b043938d80621e26cbe) Importer(815301076,1909f56bfc062723c751e8b465ee728b)
Start importing Assets/Scripts/RouteManager.cs using Guid(29df02488af96b043938d80621e26cbe) Importer(815301076,1909f56bfc062723c751e8b465ee728b)  -> (artifact id: '28a7f7b49b1a56996caf26335188c0a7') in 0.005614 seconds
  Import took 0.009304 seconds .

========================================================================
Received Prepare
Registering precompiled user dll's ...
Registered in 0.001818 seconds.
Begin MonoManager ReloadAssembly
Native extension for WindowsStandalone target not found
Refreshing native plugins compatible for Editor in 0.57 ms, found 1 plugins.
Preloading 0 native plugins for Editor in 0.00 ms.
Mono: successfully reloaded assembly
- Completed reload, in  1.229 seconds
Platform modules already initialized, skipping
Refreshing native plugins compatible for Editor in 0.55 ms, found 1 plugins.
Preloading 0 native plugins for Editor in 0.00 ms.
Unloading 1850 Unused Serialized files (Serialized files now loaded: 0)
System memory in use before: 87.3 MB.
System memory in use after: 87.3 MB.

Unloading 14 unused Assets to reduce memory usage. Loaded Objects now: 2399.
Total: 2.534900 ms (FindLiveObjects: 0.218900 ms CreateObjectMapping: 0.092100 ms MarkObjects: 2.080000 ms  DeleteObjects: 0.142700 ms)

========================================================================
Received Prepare
Registering precompiled user dll's ...
Registered in 0.001992 seconds.
Begin MonoManager ReloadAssembly
Native extension for WindowsStandalone target not found
Refreshing native plugins compatible for Editor in 0.53 ms, found 1 plugins.
Preloading 0 native plugins for Editor in 0.00 ms.
Mono: successfully reloaded assembly
- Completed reload, in  1.272 seconds
Platform modules already initialized, skipping
Refreshing native plugins compatible for Editor in 0.72 ms, found 1 plugins.
Preloading 0 native plugins for Editor in 0.00 ms.
Unloading 1850 Unused Serialized files (Serialized files now loaded: 0)
System memory in use before: 87.4 MB.
System memory in use after: 87.3 MB.

Unloading 14 unused Assets to reduce memory usage. Loaded Objects now: 2403.
Total: 3.919300 ms (FindLiveObjects: 0.226800 ms CreateObjectMapping: 0.092700 ms MarkObjects: 3.448800 ms  DeleteObjects: 0.149600 ms)

========================================================================
Received Prepare
Registering precompiled user dll's ...
Registered in 0.003552 seconds.
Begin MonoManager ReloadAssembly
Native extension for WindowsStandalone target not found
Refreshing native plugins compatible for Editor in 0.59 ms, found 1 plugins.
Preloading 0 native plugins for Editor in 0.00 ms.
Mono: successfully reloaded assembly
- Completed reload, in  1.219 seconds
Platform modules already initialized, skipping
Refreshing native plugins compatible for Editor in 0.53 ms, found 1 plugins.
Preloading 0 native plugins for Editor in 0.00 ms.
Unloading 1850 Unused Serialized files (Serialized files now loaded: 0)
System memory in use before: 87.4 MB.
System memory in use after: 87.3 MB.

Unloading 14 unused Assets to reduce memory usage. Loaded Objects now: 2407.
Total: 2.702500 ms (FindLiveObjects: 0.230500 ms CreateObjectMapping: 0.091800 ms MarkObjects: 2.143400 ms  DeleteObjects: 0.235300 ms)

========================================================================
Received Prepare
Registering precompiled user dll's ...
Registered in 0.001801 seconds.
Begin MonoManager ReloadAssembly
Native extension for WindowsStandalone target not found
Refreshing native plugins compatible for Editor in 0.53 ms, found 1 plugins.
Preloading 0 native plugins for Editor in 0.00 ms.
Mono: successfully reloaded assembly
- Completed reload, in  1.218 seconds
Platform modules already initialized, skipping
Refreshing native plugins compatible for Editor in 0.51 ms, found 1 plugins.
Preloading 0 native plugins for Editor in 0.00 ms.
Unloading 1850 Unused Serialized files (Serialized files now loaded: 0)
System memory in use before: 87.4 MB.
System memory in use after: 87.3 MB.

Unloading 14 unused Assets to reduce memory usage. Loaded Objects now: 2411.
Total: 2.617400 ms (FindLiveObjects: 0.227000 ms CreateObjectMapping: 0.094500 ms MarkObjects: 2.076500 ms  DeleteObjects: 0.218000 ms)

========================================================================
Received Prepare
Registering precompiled user dll's ...
Registered in 0.001805 seconds.
Begin MonoManager ReloadAssembly
Native extension for WindowsStandalone target not found
Refreshing native plugins compatible for Editor in 0.50 ms, found 1 plugins.
Preloading 0 native plugins for Editor in 0.00 ms.
Mono: successfully reloaded assembly
- Completed reload, in  1.227 seconds
Platform modules already initialized, skipping
Refreshing native plugins compatible for Editor in 0.53 ms, found 1 plugins.
Preloading 0 native plugins for Editor in 0.00 ms.
Unloading 1850 Unused Serialized files (Serialized files now loaded: 0)
System memory in use before: 87.4 MB.
System memory in use after: 87.3 MB.

Unloading 14 unused Assets to reduce memory usage. Loaded Objects now: 2415.
Total: 2.594600 ms (FindLiveObjects: 0.225100 ms CreateObjectMapping: 0.093700 ms MarkObjects: 2.091900 ms  DeleteObjects: 0.182600 ms)

========================================================================
Received Prepare
Registering precompiled user dll's ...
Registered in 0.002547 seconds.
Begin MonoManager ReloadAssembly
Native extension for WindowsStandalone target not found
Refreshing native plugins compatible for Editor in 0.53 ms, found 1 plugins.
Preloading 0 native plugins for Editor in 0.00 ms.
Mono: successfully reloaded assembly
- Completed reload, in  1.503 seconds
Platform modules already initialized, skipping
Refreshing native plugins compatible for Editor in 0.52 ms, found 1 plugins.
Preloading 0 native plugins for Editor in 0.00 ms.
Unloading 1850 Unused Serialized files (Serialized files now loaded: 0)
System memory in use before: 87.4 MB.
System memory in use after: 87.4 MB.

Unloading 14 unused Assets to reduce memory usage. Loaded Objects now: 2419.
Total: 2.713800 ms (FindLiveObjects: 0.224300 ms CreateObjectMapping: 0.091700 ms MarkObjects: 2.200500 ms  DeleteObjects: 0.196000 ms)

========================================================================
Received Prepare
Registering precompiled user dll's ...
Registered in 0.001704 seconds.
Begin MonoManager ReloadAssembly
Native extension for WindowsStandalone target not found
Refreshing native plugins compatible for Editor in 0.52 ms, found 1 plugins.
Preloading 0 native plugins for Editor in 0.00 ms.
Mono: successfully reloaded assembly
- Completed reload, in  1.287 seconds
Platform modules already initialized, skipping
Refreshing native plugins compatible for Editor in 0.52 ms, found 1 plugins.
Preloading 0 native plugins for Editor in 0.00 ms.
Unloading 1850 Unused Serialized files (Serialized files now loaded: 0)
System memory in use before: 87.4 MB.
System memory in use after: 87.4 MB.

Unloading 14 unused Assets to reduce memory usage. Loaded Objects now: 2423.
Total: 2.735500 ms (FindLiveObjects: 0.221900 ms CreateObjectMapping: 0.091500 ms MarkObjects: 2.277400 ms  DeleteObjects: 0.143400 ms)

========================================================================
Received Prepare
Registering precompiled user dll's ...
Registered in 0.001888 seconds.
Begin MonoManager ReloadAssembly
Native extension for WindowsStandalone target not found
Refreshing native plugins compatible for Editor in 0.53 ms, found 1 plugins.
Preloading 0 native plugins for Editor in 0.00 ms.
Mono: successfully reloaded assembly
- Completed reload, in  1.393 seconds
Platform modules already initialized, skipping
Refreshing native plugins compatible for Editor in 0.60 ms, found 1 plugins.
Preloading 0 native plugins for Editor in 0.00 ms.
Unloading 1850 Unused Serialized files (Serialized files now loaded: 0)
System memory in use before: 87.4 MB.
System memory in use after: 87.4 MB.

Unloading 14 unused Assets to reduce memory usage. Loaded Objects now: 2427.
Total: 2.605100 ms (FindLiveObjects: 0.238100 ms CreateObjectMapping: 0.093400 ms MarkObjects: 2.066900 ms  DeleteObjects: 0.205500 ms)

========================================================================
Received Import Request.
  Time since last request: 2549.052502 seconds.
  path: Assets/Scripts/ScriptableObject/RouteData.cs
  artifactKey: Guid(7170227a77c4c174f9f6e829b695c2ef) Importer(815301076,1909f56bfc062723c751e8b465ee728b)
Start importing Assets/Scripts/ScriptableObject/RouteData.cs using Guid(7170227a77c4c174f9f6e829b695c2ef) Importer(815301076,1909f56bfc062723c751e8b465ee728b)  -> (artifact id: '6e41e99b207ab2625c237fe8b6a076db') in 0.007374 seconds
  Import took 0.024931 seconds .

========================================================================
Received Import Request.
  Time since last request: 0.271118 seconds.
  path: Assets/Scripts/ScriptableObject/RouteData.cs
  artifactKey: Guid(7170227a77c4c174f9f6e829b695c2ef) Importer(815301076,1909f56bfc062723c751e8b465ee728b)
Start importing Assets/Scripts/ScriptableObject/RouteData.cs using Guid(7170227a77c4c174f9f6e829b695c2ef) Importer(815301076,1909f56bfc062723c751e8b465ee728b)  -> (artifact id: '6e41e99b207ab2625c237fe8b6a076db') in 0.006132 seconds
  Import took 0.010515 seconds .

========================================================================
Received Prepare
Registering precompiled user dll's ...
Registered in 0.016750 seconds.
Begin MonoManager ReloadAssembly
Native extension for WindowsStandalone target not found
Refreshing native plugins compatible for Editor in 0.62 ms, found 1 plugins.
Preloading 0 native plugins for Editor in 0.00 ms.
Mono: successfully reloaded assembly
- Completed reload, in  1.820 seconds
Platform modules already initialized, skipping
Refreshing native plugins compatible for Editor in 0.56 ms, found 1 plugins.
Preloading 0 native plugins for Editor in 0.00 ms.
Unloading 1850 Unused Serialized files (Serialized files now loaded: 0)
System memory in use before: 87.4 MB.
System memory in use after: 87.4 MB.

Unloading 14 unused Assets to reduce memory usage. Loaded Objects now: 2431.
Total: 2.790900 ms (FindLiveObjects: 0.301600 ms CreateObjectMapping: 0.133000 ms MarkObjects: 2.205300 ms  DeleteObjects: 0.149700 ms)

========================================================================
Received Import Request.
  Time since last request: 880.289835 seconds.
  path: Assets/Scripts/ScriptableObject/RouteData.cs
  artifactKey: Guid(7170227a77c4c174f9f6e829b695c2ef) Importer(815301076,1909f56bfc062723c751e8b465ee728b)
Start importing Assets/Scripts/ScriptableObject/RouteData.cs using Guid(7170227a77c4c174f9f6e829b695c2ef) Importer(815301076,1909f56bfc062723c751e8b465ee728b)  -> (artifact id: '9c1214b66d8eaf44ae8ae7dda7fd249d') in 0.008553 seconds
  Import took 0.020812 seconds .

========================================================================
Received Import Request.
  Time since last request: 0.011298 seconds.
  path: Assets/Scripts/ScriptableObject/RouteData.cs
  artifactKey: Guid(7170227a77c4c174f9f6e829b695c2ef) Importer(815301076,1909f56bfc062723c751e8b465ee728b)
Start importing Assets/Scripts/ScriptableObject/RouteData.cs using Guid(7170227a77c4c174f9f6e829b695c2ef) Importer(815301076,1909f56bfc062723c751e8b465ee728b)  -> (artifact id: '9c1214b66d8eaf44ae8ae7dda7fd249d') in 0.006711 seconds
  Import took 0.016388 seconds .

========================================================================
Received Prepare
Registering precompiled user dll's ...
Registered in 0.001966 seconds.
Begin MonoManager ReloadAssembly
Native extension for WindowsStandalone target not found
Refreshing native plugins compatible for Editor in 0.55 ms, found 1 plugins.
Preloading 0 native plugins for Editor in 0.00 ms.
Mono: successfully reloaded assembly
- Completed reload, in  1.564 seconds
Platform modules already initialized, skipping
Refreshing native plugins compatible for Editor in 0.54 ms, found 1 plugins.
Preloading 0 native plugins for Editor in 0.00 ms.
Unloading 1850 Unused Serialized files (Serialized files now loaded: 0)
System memory in use before: 87.4 MB.
System memory in use after: 87.4 MB.

Unloading 14 unused Assets to reduce memory usage. Loaded Objects now: 2435.
Total: 3.955700 ms (FindLiveObjects: 0.233000 ms CreateObjectMapping: 0.093400 ms MarkObjects: 3.461300 ms  DeleteObjects: 0.166200 ms)

========================================================================
Received Prepare
Registering precompiled user dll's ...
Registered in 0.002025 seconds.
Begin MonoManager ReloadAssembly
Native extension for WindowsStandalone target not found
Refreshing native plugins compatible for Editor in 0.55 ms, found 1 plugins.
Preloading 0 native plugins for Editor in 0.00 ms.
Mono: successfully reloaded assembly
- Completed reload, in  1.703 seconds
Platform modules already initialized, skipping
Refreshing native plugins compatible for Editor in 0.53 ms, found 1 plugins.
Preloading 0 native plugins for Editor in 0.00 ms.
Unloading 1850 Unused Serialized files (Serialized files now loaded: 0)
System memory in use before: 87.4 MB.
System memory in use after: 87.4 MB.

Unloading 14 unused Assets to reduce memory usage. Loaded Objects now: 2439.
Total: 3.805400 ms (FindLiveObjects: 0.342500 ms CreateObjectMapping: 0.112800 ms MarkObjects: 3.193500 ms  DeleteObjects: 0.154600 ms)

========================================================================
Received Prepare
Registering precompiled user dll's ...
Registered in 0.002503 seconds.
Begin MonoManager ReloadAssembly
Native extension for WindowsStandalone target not found
Refreshing native plugins compatible for Editor in 0.52 ms, found 1 plugins.
Preloading 0 native plugins for Editor in 0.00 ms.
Mono: successfully reloaded assembly
- Completed reload, in  1.430 seconds
Platform modules already initialized, skipping
Refreshing native plugins compatible for Editor in 0.54 ms, found 1 plugins.
Preloading 0 native plugins for Editor in 0.00 ms.
Unloading 1850 Unused Serialized files (Serialized files now loaded: 0)
System memory in use before: 87.5 MB.
System memory in use after: 87.4 MB.

Unloading 14 unused Assets to reduce memory usage. Loaded Objects now: 2443.
Total: 2.577800 ms (FindLiveObjects: 0.231700 ms CreateObjectMapping: 0.093000 ms MarkObjects: 2.105400 ms  DeleteObjects: 0.146200 ms)

========================================================================
Received Prepare
Registering precompiled user dll's ...
Registered in 0.001720 seconds.
Begin MonoManager ReloadAssembly
Native extension for WindowsStandalone target not found
Refreshing native plugins compatible for Editor in 0.53 ms, found 1 plugins.
Preloading 0 native plugins for Editor in 0.00 ms.
Mono: successfully reloaded assembly
- Completed reload, in  1.514 seconds
Platform modules already initialized, skipping
Refreshing native plugins compatible for Editor in 1.45 ms, found 1 plugins.
Preloading 0 native plugins for Editor in 0.00 ms.
Unloading 1850 Unused Serialized files (Serialized files now loaded: 0)
System memory in use before: 87.4 MB.
System memory in use after: 87.4 MB.

Unloading 14 unused Assets to reduce memory usage. Loaded Objects now: 2447.
Total: 3.205300 ms (FindLiveObjects: 0.234300 ms CreateObjectMapping: 0.092300 ms MarkObjects: 2.718600 ms  DeleteObjects: 0.158800 ms)

========================================================================
Received Prepare
Registering precompiled user dll's ...
Registered in 0.002010 seconds.
Begin MonoManager ReloadAssembly
Native extension for WindowsStandalone target not found
Refreshing native plugins compatible for Editor in 0.54 ms, found 1 plugins.
Preloading 0 native plugins for Editor in 0.00 ms.
Mono: successfully reloaded assembly
- Completed reload, in  1.553 seconds
Platform modules already initialized, skipping
Refreshing native plugins compatible for Editor in 0.57 ms, found 1 plugins.
Preloading 0 native plugins for Editor in 0.00 ms.
Unloading 1850 Unused Serialized files (Serialized files now loaded: 0)
System memory in use before: 87.5 MB.
System memory in use after: 87.4 MB.

Unloading 14 unused Assets to reduce memory usage. Loaded Objects now: 2451.
Total: 3.295500 ms (FindLiveObjects: 0.349300 ms CreateObjectMapping: 0.109800 ms MarkObjects: 2.690600 ms  DeleteObjects: 0.144800 ms)

========================================================================
Received Prepare
Registering precompiled user dll's ...
Registered in 0.001943 seconds.
Begin MonoManager ReloadAssembly
Native extension for WindowsStandalone target not found
Refreshing native plugins compatible for Editor in 0.53 ms, found 1 plugins.
Preloading 0 native plugins for Editor in 0.00 ms.
Mono: successfully reloaded assembly
- Completed reload, in  1.463 seconds
Platform modules already initialized, skipping
Refreshing native plugins compatible for Editor in 0.53 ms, found 1 plugins.
Preloading 0 native plugins for Editor in 0.00 ms.
Unloading 1850 Unused Serialized files (Serialized files now loaded: 0)
System memory in use before: 87.5 MB.
System memory in use after: 87.5 MB.

Unloading 14 unused Assets to reduce memory usage. Loaded Objects now: 2455.
Total: 2.884600 ms (FindLiveObjects: 0.230700 ms CreateObjectMapping: 0.092100 ms MarkObjects: 2.348400 ms  DeleteObjects: 0.212000 ms)

========================================================================
Received Prepare
Registering precompiled user dll's ...
Registered in 0.002380 seconds.
Begin MonoManager ReloadAssembly
Native extension for WindowsStandalone target not found
Refreshing native plugins compatible for Editor in 0.65 ms, found 1 plugins.
Preloading 0 native plugins for Editor in 0.00 ms.
Mono: successfully reloaded assembly
- Completed reload, in  1.333 seconds
Platform modules already initialized, skipping
Refreshing native plugins compatible for Editor in 0.55 ms, found 1 plugins.
Preloading 0 native plugins for Editor in 0.00 ms.
Unloading 1850 Unused Serialized files (Serialized files now loaded: 0)
System memory in use before: 87.5 MB.
System memory in use after: 87.5 MB.

Unloading 14 unused Assets to reduce memory usage. Loaded Objects now: 2459.
Total: 3.194900 ms (FindLiveObjects: 0.237800 ms CreateObjectMapping: 0.093700 ms MarkObjects: 2.702100 ms  DeleteObjects: 0.159700 ms)

========================================================================
Received Prepare
Registering precompiled user dll's ...
Registered in 0.001731 seconds.
Begin MonoManager ReloadAssembly
Native extension for WindowsStandalone target not found
Refreshing native plugins compatible for Editor in 0.57 ms, found 1 plugins.
Preloading 0 native plugins for Editor in 0.00 ms.
Mono: successfully reloaded assembly
- Completed reload, in  1.465 seconds
Platform modules already initialized, skipping
Refreshing native plugins compatible for Editor in 0.56 ms, found 1 plugins.
Preloading 0 native plugins for Editor in 0.00 ms.
Unloading 1850 Unused Serialized files (Serialized files now loaded: 0)
System memory in use before: 87.5 MB.
System memory in use after: 87.5 MB.

Unloading 14 unused Assets to reduce memory usage. Loaded Objects now: 2463.
Total: 2.649600 ms (FindLiveObjects: 0.232200 ms CreateObjectMapping: 0.093100 ms MarkObjects: 2.167400 ms  DeleteObjects: 0.155300 ms)

========================================================================
Received Prepare
Registering precompiled user dll's ...
Registered in 0.003793 seconds.
Begin MonoManager ReloadAssembly
Native extension for WindowsStandalone target not found
Refreshing native plugins compatible for Editor in 0.65 ms, found 1 plugins.
Preloading 0 native plugins for Editor in 0.00 ms.
Mono: successfully reloaded assembly
- Completed reload, in  3.239 seconds
Platform modules already initialized, skipping
Refreshing native plugins compatible for Editor in 0.77 ms, found 1 plugins.
Preloading 0 native plugins for Editor in 0.00 ms.
Unloading 1850 Unused Serialized files (Serialized files now loaded: 0)
System memory in use before: 87.5 MB.
System memory in use after: 87.5 MB.

Unloading 14 unused Assets to reduce memory usage. Loaded Objects now: 2467.
Total: 26.613000 ms (FindLiveObjects: 21.742000 ms CreateObjectMapping: 0.140600 ms MarkObjects: 4.473200 ms  DeleteObjects: 0.192700 ms)

========================================================================
Received Prepare
Registering precompiled user dll's ...
Registered in 0.001804 seconds.
Begin MonoManager ReloadAssembly
Native extension for WindowsStandalone target not found
Refreshing native plugins compatible for Editor in 0.56 ms, found 1 plugins.
Preloading 0 native plugins for Editor in 0.00 ms.
Mono: successfully reloaded assembly
- Completed reload, in  1.382 seconds
Platform modules already initialized, skipping
Refreshing native plugins compatible for Editor in 0.55 ms, found 1 plugins.
Preloading 0 native plugins for Editor in 0.00 ms.
Unloading 1850 Unused Serialized files (Serialized files now loaded: 0)
System memory in use before: 87.5 MB.
System memory in use after: 87.5 MB.

Unloading 14 unused Assets to reduce memory usage. Loaded Objects now: 2471.
Total: 2.740300 ms (FindLiveObjects: 0.241500 ms CreateObjectMapping: 0.093900 ms MarkObjects: 2.173500 ms  DeleteObjects: 0.229900 ms)

========================================================================
Received Prepare
Registering precompiled user dll's ...
Registered in 0.002939 seconds.
Begin MonoManager ReloadAssembly
Native extension for WindowsStandalone target not found
Refreshing native plugins compatible for Editor in 0.65 ms, found 1 plugins.
Preloading 0 native plugins for Editor in 0.00 ms.
Mono: successfully reloaded assembly
- Completed reload, in  1.322 seconds
Platform modules already initialized, skipping
Refreshing native plugins compatible for Editor in 0.51 ms, found 1 plugins.
Preloading 0 native plugins for Editor in 0.00 ms.
Unloading 1850 Unused Serialized files (Serialized files now loaded: 0)
System memory in use before: 87.5 MB.
System memory in use after: 87.5 MB.

Unloading 14 unused Assets to reduce memory usage. Loaded Objects now: 2475.
Total: 2.545100 ms (FindLiveObjects: 0.234400 ms CreateObjectMapping: 0.096000 ms MarkObjects: 2.066200 ms  DeleteObjects: 0.147400 ms)

========================================================================
Received Prepare
Registering precompiled user dll's ...
Registered in 0.001703 seconds.
Begin MonoManager ReloadAssembly
Native extension for WindowsStandalone target not found
Refreshing native plugins compatible for Editor in 0.54 ms, found 1 plugins.
Preloading 0 native plugins for Editor in 0.00 ms.
Mono: successfully reloaded assembly
- Completed reload, in  1.400 seconds
Platform modules already initialized, skipping
Refreshing native plugins compatible for Editor in 0.64 ms, found 1 plugins.
Preloading 0 native plugins for Editor in 0.00 ms.
Unloading 1850 Unused Serialized files (Serialized files now loaded: 0)
System memory in use before: 87.5 MB.
System memory in use after: 87.5 MB.

Unloading 14 unused Assets to reduce memory usage. Loaded Objects now: 2479.
Total: 4.248000 ms (FindLiveObjects: 0.233200 ms CreateObjectMapping: 0.091300 ms MarkObjects: 3.764700 ms  DeleteObjects: 0.157000 ms)

========================================================================
Received Prepare
Registering precompiled user dll's ...
Registered in 0.001798 seconds.
Begin MonoManager ReloadAssembly
Native extension for WindowsStandalone target not found
Refreshing native plugins compatible for Editor in 0.53 ms, found 1 plugins.
Preloading 0 native plugins for Editor in 0.00 ms.
Mono: successfully reloaded assembly
- Completed reload, in  1.303 seconds
Platform modules already initialized, skipping
Refreshing native plugins compatible for Editor in 0.57 ms, found 1 plugins.
Preloading 0 native plugins for Editor in 0.00 ms.
Unloading 1850 Unused Serialized files (Serialized files now loaded: 0)
System memory in use before: 87.5 MB.
System memory in use after: 87.5 MB.

Unloading 14 unused Assets to reduce memory usage. Loaded Objects now: 2483.
Total: 2.855900 ms (FindLiveObjects: 0.240500 ms CreateObjectMapping: 0.093500 ms MarkObjects: 2.368400 ms  DeleteObjects: 0.152100 ms)

========================================================================
Received Prepare
Registering precompiled user dll's ...
Registered in 0.001813 seconds.
Begin MonoManager ReloadAssembly
Native extension for WindowsStandalone target not found
Refreshing native plugins compatible for Editor in 0.55 ms, found 1 plugins.
Preloading 0 native plugins for Editor in 0.00 ms.
Mono: successfully reloaded assembly
- Completed reload, in  1.311 seconds
Platform modules already initialized, skipping
Refreshing native plugins compatible for Editor in 0.55 ms, found 1 plugins.
Preloading 0 native plugins for Editor in 0.00 ms.
Unloading 1850 Unused Serialized files (Serialized files now loaded: 0)
System memory in use before: 87.6 MB.
System memory in use after: 87.5 MB.

Unloading 14 unused Assets to reduce memory usage. Loaded Objects now: 2487.
Total: 3.187100 ms (FindLiveObjects: 0.235800 ms CreateObjectMapping: 0.092900 ms MarkObjects: 2.601500 ms  DeleteObjects: 0.255600 ms)

AssetImportWorkerClient::OnTransportError - code=2 error=End of file
